2025-05-15 17:10:01 - estudamais - INFO - Aplicação Estudamais.tech iniciada
2025-05-15 17:10:03 - estudamais - INFO - Aplicação Estudamais.tech iniciada
2025-05-15 17:10:03 - estudamais - INFO - Aplicação Estudamais.tech iniciada
2025-05-15 17:10:05 - estudamais - INFO - Aplicação Estudamais.tech iniciada
2025-05-15 17:10:05 - estudamais - INFO - Formulário enviado com a pergunta: Quero saber mais sobre a Startup Estudamais.tech!...
2025-05-15 17:10:05 - estudamais - INFO - Pergunta recebida: Quero saber mais sobre a Startup Estudamais.tech!...
2025-05-15 17:10:05 - estudamais - INFO - Buscando documentos relevantes na base de conhecimento...
2025-05-15 17:10:05 - estudamais - INFO - Buscando documentos para a query: 'Quero saber mais sobre a Startup Estudamais.tech!...' (k=5)
2025-05-15 17:10:05 - estudamais - INFO - Inicializando modelo de embeddings...
2025-05-15 17:10:05 - estudamais - INFO - Carregando base vetorial de ./chroma_index
2025-05-15 17:10:06 - estudamais - INFO - Realizando busca semântica...
2025-05-15 17:10:07 - estudamais - INFO - Busca concluída. Encontrados 5 documentos relevantes.
2025-05-15 17:10:07 - estudamais - INFO - Encontrados 5 documentos relevantes
2025-05-15 17:10:07 - estudamais - INFO - Inicializando modelo de linguagem...
2025-05-15 17:10:07 - estudamais - INFO - Gerando resposta com o modelo...
2025-05-15 17:10:10 - estudamais - INFO - Resposta gerada com sucesso
2025-05-15 17:10:10 - estudamais - INFO - Conversa registrada no arquivo CSV
2025-05-15 17:10:35 - estudamais - INFO - Aplicação Estudamais.tech iniciada
2025-05-15 17:10:35 - estudamais - INFO - Formulário enviado com a pergunta: quanto é 10 dividido por 0 ?...
2025-05-15 17:10:35 - estudamais - INFO - Pergunta recebida: quanto é 10 dividido por 0 ?...
2025-05-15 17:10:35 - estudamais - INFO - Buscando documentos relevantes na base de conhecimento...
2025-05-15 17:10:35 - estudamais - INFO - Buscando documentos para a query: 'quanto é 10 dividido por 0 ?...' (k=5)
2025-05-15 17:10:35 - estudamais - INFO - Inicializando modelo de embeddings...
2025-05-15 17:10:35 - estudamais - INFO - Carregando base vetorial de ./chroma_index
2025-05-15 17:10:35 - estudamais - INFO - Realizando busca semântica...
2025-05-15 17:10:36 - estudamais - INFO - Busca concluída. Encontrados 5 documentos relevantes.
2025-05-15 17:10:36 - estudamais - INFO - Encontrados 5 documentos relevantes
2025-05-15 17:10:36 - estudamais - INFO - Inicializando modelo de linguagem...
2025-05-15 17:10:36 - estudamais - INFO - Gerando resposta com o modelo...
2025-05-15 17:10:37 - estudamais - INFO - Resposta gerada com sucesso
2025-05-15 17:10:37 - estudamais - INFO - Conversa registrada no arquivo CSV
